<?xml version="1.0" encoding="UTF-8"?>
<!-- Generated by org.testng.reporters.JUnitReportReporter -->
<testsuite skipped="0" hostname="DESKTOP-1AU25CC" name="day5.FileUploadandDownload" tests="2" failures="0" timestamp="14 Apr 2024 19:51:30 GMT" time="4.635" errors="0">
  <testcase name="sigleFileUpload" time="4.538" classname="day5.FileUploadandDownload"/>
  <testcase name="filedownload" time="0.097" classname="day5.FileUploadandDownload"/>
</testsuite> <!-- day5.FileUploadandDownload -->
