<?xml version="1.0" encoding="UTF-8"?>
<!-- Generated by org.testng.reporters.JUnitReportReporter -->
<testsuite skipped="0" hostname="DESKTOP-1AU25CC" name="day4.ParsingJSONResponseData" tests="1" failures="0" timestamp="10 Apr 2024 13:57:46 GMT" time="4.242" errors="0">
  <testcase name="testJSONResponse" time="4.242" classname="day4.ParsingJSONResponseData"/>
</testsuite> <!-- day4.ParsingJSONResponseData -->
