<?xml version="1.0" encoding="UTF-8"?>
<!-- Generated by org.testng.reporters.JUnitReportReporter -->
<testsuite skipped="0" hostname="DESKTOP-1AU25CC" name="day8.GetUser" tests="1" failures="0" timestamp="27 Apr 2024 14:56:58 GMT" time="1.336" errors="0">
  <testcase name="test_getuser" time="1.336" classname="day8.GetUser"/>
</testsuite> <!-- day8.GetUser -->
