<?xml version="1.0" encoding="UTF-8"?>
<!-- Generated by org.testng.reporters.JUnitReportReporter -->
<testsuite skipped="0" hostname="DESKTOP-1AU25CC" name="day3.PathandQueryParameter" tests="1" failures="0" timestamp="05 Apr 2024 16:25:55 GMT" time="6.634" errors="0">
  <testcase name="testQueryandPathparameters" time="6.634" classname="day3.PathandQueryParameter"/>
</testsuite> <!-- day3.PathandQueryParameter -->
