<?xml version="1.0" encoding="UTF-8"?>
<!-- Generated by org.testng.reporters.JUnitReportReporter -->
<testsuite skipped="0" hostname="DESKTOP-1AU25CC" name="day8.UpdateUser" tests="1" failures="0" timestamp="27 Apr 2024 14:56:58 GMT" time="0.940" errors="0">
  <testcase name="test_updateUser" time="0.940" classname="day8.UpdateUser"/>
</testsuite> <!-- day8.UpdateUser -->
