<?xml version="1.0" encoding="UTF-8"?>
<!-- Generated by org.testng.reporters.JUnitReportReporter -->
<testsuite skipped="0" hostname="DESKTOP-1AU25CC" name="day7.FakerDataGenerator" tests="1" failures="0" timestamp="24 Apr 2024 16:42:29 GMT" time="0.701" errors="0">
  <testcase name="testGenarateDummyData" time="0.701" classname="day7.FakerDataGenerator"/>
</testsuite> <!-- day7.FakerDataGenerator -->
