<?xml version="1.0" encoding="UTF-8"?>
<!-- Generated by org.testng.reporters.JUnitReportReporter -->
<testsuite skipped="0" hostname="DESKTOP-1AU25CC" name="day6.SerilizartionDserilization" tests="1" failures="0" timestamp="17 Apr 2024 14:58:21 GMT" time="0.759" errors="0">
  <testcase name="convertJson2POJO" time="0.759" classname="day6.SerilizartionDserilization"/>
</testsuite> <!-- day6.SerilizartionDserilization -->
