<?xml version="1.0" encoding="UTF-8"?>
<!-- Generated by org.testng.reporters.JUnitReportReporter -->
<testsuite skipped="0" hostname="DESKTOP-1AU25CC" name="day1.HTTPRequest" tests="4" failures="0" timestamp="29 Mar 2024 15:24:17 GMT" time="9.394" errors="0">
  <testcase name="getUser" time="5.772" classname="day1.HTTPRequest"/>
  <testcase name="createUser" time="1.601" classname="day1.HTTPRequest"/>
  <testcase name="updateUser" time="1.059" classname="day1.HTTPRequest"/>
  <testcase name="deleteUser" time="0.962" classname="day1.HTTPRequest"/>
</testsuite> <!-- day1.HTTPRequest -->
