<?xml version="1.0" encoding="UTF-8"?>
<!-- Generated by org.testng.reporters.JUnitReportReporter -->
<testsuite skipped="0" hostname="DESKTOP-1AU25CC" name="day2.CreatePostRequest" tests="2" failures="0" timestamp="01 Apr 2024 14:31:15 GMT" time="4.504" errors="0">
  <testcase name="testPOSTusingExternalJson" time="4.438" classname="day2.CreatePostRequest"/>
  <testcase name="testDelete" time="0.066" classname="day2.CreatePostRequest"/>
</testsuite> <!-- day2.CreatePostRequest -->
