<?xml version="1.0" encoding="UTF-8"?>
<!-- Generated by org.testng.reporters.JUnitReportReporter -->
<testsuite skipped="0" hostname="DESKTOP-1AU25CC" name="day3.LoggingDemo" tests="1" failures="0" timestamp="07 Apr 2024 06:59:52 GMT" time="4.994" errors="0">
  <testcase name="testlogs" time="4.994" classname="day3.LoggingDemo"/>
</testsuite> <!-- day3.LoggingDemo -->
